<?xml version="1.0" encoding="UTF-8"?>
<!-- Generated by org.testng.reporters.JUnitXMLReporter -->
<testsuite hostname="DESKTOP-KQS99BN" ignored="0" name="windows chrome" tests="86" failures="1" timestamp="27 Jun 2018 15:04:16 GMT" time="1545.157" errors="0">
  <testcase name="scenario" time="12.66" classname="integrationTests.cucumber.Runner"/>
  <testcase name="scenario" time="23.779" classname="integrationTests.cucumber.Runner"/>
  <testcase name="scenario" time="19.768" classname="integrationTests.cucumber.Runner"/>
  <testcase name="scenario" time="19.336" classname="integrationTests.cucumber.Runner"/>
  <testcase name="scenario" time="20.161" classname="integrationTests.cucumber.Runner"/>
  <testcase name="scenario" time="17.799" classname="integrationTests.cucumber.Runner"/>
  <testcase name="scenario" time="18.664" classname="integrationTests.cucumber.Runner"/>
  <testcase name="scenario" time="19.5" classname="integrationTests.cucumber.Runner"/>
  <testcase name="scenario" time="20.218" classname="integrationTests.cucumber.Runner"/>
  <testcase name="scenario" time="25.148" classname="integrationTests.cucumber.Runner"/>
  <testcase name="scenario" time="24.069" classname="integrationTests.cucumber.Runner"/>
  <testcase name="scenario" time="23.535" classname="integrationTests.cucumber.Runner"/>
  <testcase name="scenario" time="23.403" classname="integrationTests.cucumber.Runner"/>
  <testcase name="scenario" time="20.296" classname="integrationTests.cucumber.Runner"/>
  <testcase name="scenario" time="20.08" classname="integrationTests.cucumber.Runner"/>
  <testcase name="scenario" time="17.329" classname="integrationTests.cucumber.Runner"/>
  <testcase name="scenario" time="19.165" classname="integrationTests.cucumber.Runner"/>
  <testcase name="scenario" time="15.733" classname="integrationTests.cucumber.Runner"/>
  <testcase name="scenario" time="15.388" classname="integrationTests.cucumber.Runner"/>
  <testcase name="scenario" time="16.256" classname="integrationTests.cucumber.Runner"/>
  <testcase name="scenario" time="19.957" classname="integrationTests.cucumber.Runner"/>
  <testcase name="scenario" time="13.508" classname="integrationTests.cucumber.Runner"/>
  <testcase name="scenario" time="32.077" classname="integrationTests.cucumber.Runner"/>
  <testcase name="scenario" time="28.172" classname="integrationTests.cucumber.Runner"/>
  <testcase name="scenario" time="28.455" classname="integrationTests.cucumber.Runner"/>
  <testcase name="scenario" time="23.152" classname="integrationTests.cucumber.Runner"/>
  <testcase name="scenario" time="25.346" classname="integrationTests.cucumber.Runner"/>
  <testcase name="scenario" time="24.518" classname="integrationTests.cucumber.Runner"/>
  <testcase name="scenario" time="21.893" classname="integrationTests.cucumber.Runner"/>
  <testcase name="scenario" time="13.325" classname="integrationTests.cucumber.Runner">
    <skipped/>
  </testcase> <!-- scenario -->
  <testcase name="scenario" time="35.615" classname="integrationTests.cucumber.Runner"/>
  <testcase name="scenario" time="40.018" classname="integrationTests.cucumber.Runner"/>
  <testcase name="scenario" time="32.856" classname="integrationTests.cucumber.Runner"/>
  <testcase name="scenario" time="26.191" classname="integrationTests.cucumber.Runner"/>
  <testcase name="scenario" time="31.95" classname="integrationTests.cucumber.Runner"/>
  <testcase name="scenario" time="30.762" classname="integrationTests.cucumber.Runner"/>
  <testcase name="scenario" time="130.19" classname="integrationTests.cucumber.Runner">
    <failure type="java.lang.AssertionError" message="expected [1] but found [2]">
      <![CDATA[java.lang.AssertionError: expected [1] but found [2]
	at integrationTests.selenium.step_definitions.Basket_feature.basket_with_products_and_quantity_is_shown(Basket_feature.java:83)
	at âœ½.basket with 1 products and 2 quantity is shown(src/test/resources/Features/TestSuite_basket.feature:69)
... Removed 6 stack frames]]>
    </failure>
  </testcase> <!-- scenario -->
  <testcase name="scenario" time="61.406" classname="integrationTests.cucumber.Runner"/>
  <testcase name="scenario" time="61.58" classname="integrationTests.cucumber.Runner"/>
  <testcase name="scenario" time="10.579" classname="integrationTests.cucumber.Runner"/>
  <testcase name="scenario" time="8.806" classname="integrationTests.cucumber.Runner"/>
  <testcase name="scenario" time="9.117" classname="integrationTests.cucumber.Runner"/>
  <testcase name="scenario" time="10.322" classname="integrationTests.cucumber.Runner"/>
  <testcase name="scenario" time="6.994" classname="integrationTests.cucumber.Runner"/>
  <testcase name="scenario" time="9.256" classname="integrationTests.cucumber.Runner"/>
  <testcase name="scenario" time="7.71" classname="integrationTests.cucumber.Runner"/>
  <testcase name="scenario" time="9.526" classname="integrationTests.cucumber.Runner"/>
  <testcase name="scenario" time="15.91" classname="integrationTests.cucumber.Runner"/>
  <testcase name="scenario" time="15.113" classname="integrationTests.cucumber.Runner"/>
  <testcase name="scenario" time="16.13" classname="integrationTests.cucumber.Runner"/>
  <testcase name="scenario" time="14.406" classname="integrationTests.cucumber.Runner"/>
  <testcase name="scenario" time="12.974" classname="integrationTests.cucumber.Runner"/>
  <testcase name="scenario" time="12.541" classname="integrationTests.cucumber.Runner"/>
  <testcase name="scenario" time="12.097" classname="integrationTests.cucumber.Runner"/>
  <testcase name="scenario" time="15.851" classname="integrationTests.cucumber.Runner"/>
  <testcase name="scenario" time="13.23" classname="integrationTests.cucumber.Runner"/>
  <testcase name="scenario" time="12.47" classname="integrationTests.cucumber.Runner"/>
  <testcase name="scenario" time="11.725" classname="integrationTests.cucumber.Runner"/>
  <testcase name="scenario" time="11.346" classname="integrationTests.cucumber.Runner"/>
  <testcase name="scenario" time="12.263" classname="integrationTests.cucumber.Runner"/>
  <testcase name="scenario" time="13.111" classname="integrationTests.cucumber.Runner"/>
  <testcase name="scenario" time="8.705" classname="integrationTests.cucumber.Runner"/>
  <testcase name="scenario" time="10.07" classname="integrationTests.cucumber.Runner"/>
  <testcase name="scenario" time="11.868" classname="integrationTests.cucumber.Runner"/>
  <testcase name="scenario" time="11.056" classname="integrationTests.cucumber.Runner"/>
  <testcase name="scenario" time="11.579" classname="integrationTests.cucumber.Runner"/>
  <testcase name="scenario" time="10.794" classname="integrationTests.cucumber.Runner"/>
  <testcase name="scenario" time="8.767" classname="integrationTests.cucumber.Runner"/>
  <testcase name="scenario" time="8.535" classname="integrationTests.cucumber.Runner"/>
  <testcase name="scenario" time="8.387" classname="integrationTests.cucumber.Runner"/>
  <testcase name="scenario" time="7.602" classname="integrationTests.cucumber.Runner"/>
  <testcase name="scenario" time="7.098" classname="integrationTests.cucumber.Runner"/>
  <testcase name="scenario" time="6.958" classname="integrationTests.cucumber.Runner"/>
  <testcase name="scenario" time="7.017" classname="integrationTests.cucumber.Runner"/>
  <testcase name="scenario" time="7.825" classname="integrationTests.cucumber.Runner"/>
  <testcase name="scenario" time="8.072" classname="integrationTests.cucumber.Runner"/>
  <testcase name="scenario" time="7.658" classname="integrationTests.cucumber.Runner"/>
  <testcase name="scenario" time="6.672" classname="integrationTests.cucumber.Runner"/>
  <testcase name="scenario" time="6.39" classname="integrationTests.cucumber.Runner"/>
  <testcase name="scenario" time="6.88" classname="integrationTests.cucumber.Runner"/>
  <testcase name="scenario" time="6.344" classname="integrationTests.cucumber.Runner"/>
  <testcase name="scenario" time="6.579" classname="integrationTests.cucumber.Runner"/>
  <testcase name="scenario" time="5.781" classname="integrationTests.cucumber.Runner"/>
  <testcase name="scenario" time="6.283" classname="integrationTests.cucumber.Runner"/>
  <testcase name="scenario" time="6.563" classname="integrationTests.cucumber.Runner"/>
  <testcase name="scenario" time="4.172" classname="integrationTests.cucumber.Runner"/>
</testsuite> <!-- windows chrome -->
